<?xml version="1.0" encoding="UTF-8"?>
<testsuite name="dominio.unitaria.GarantiaExtendidaTest" tests="2" skipped="0" failures="0" errors="0" timestamp="2019-05-29T19:57:30" hostname="DESKTOP-M00KQSU" time="0.0">
  <properties/>
  <testcase name="crearGarantiaExtendida100Test" classname="dominio.unitaria.GarantiaExtendidaTest" time="0.0"/>
  <testcase name="crearGarantiaExtendida200Test" classname="dominio.unitaria.GarantiaExtendidaTest" time="0.0"/>
  <system-out><![CDATA[]]></system-out>
  <system-err><![CDATA[]]></system-err>
</testsuite>
